{"C:\\Users\\jourd\\2-TCP-chat-server\\tcp-chat-server\\src\\client.ts": {"path":"C:\\Users\\jourd\\2-TCP-chat-server\\tcp-chat-server\\src\\client.ts","statementMap":{"0":{"start":{"line":1,"column":0},"end":{"line":1,"column":27}},"1":{"start":{"line":3,"column":13},"end":{"line":3,"column":24}},"2":{"start":{"line":4,"column":13},"end":{"line":4,"column":17}},"3":{"start":{"line":6,"column":15},"end":{"line":6,"column":31}},"4":{"start":{"line":8,"column":0},"end":{"line":10,"column":3}},"5":{"start":{"line":9,"column":4},"end":{"line":9,"column":39}},"6":{"start":{"line":12,"column":0},"end":{"line":14,"column":3}},"7":{"start":{"line":13,"column":4},"end":{"line":13,"column":55}},"8":{"start":{"line":16,"column":0},"end":{"line":19,"column":3}},"9":{"start":{"line":17,"column":4},"end":{"line":17,"column":37}},"10":{"start":{"line":18,"column":4},"end":{"line":18,"column":20}},"11":{"start":{"line":21,"column":0},"end":{"line":24,"column":3}},"12":{"start":{"line":22,"column":4},"end":{"line":22,"column":54}},"13":{"start":{"line":23,"column":4},"end":{"line":23,"column":20}},"14":{"start":{"line":27,"column":0},"end":{"line":35,"column":3}},"15":{"start":{"line":28,"column":20},"end":{"line":28,"column":43}},"16":{"start":{"line":29,"column":4},"end":{"line":34,"column":null}},"17":{"start":{"line":30,"column":8},"end":{"line":30,"column":52}},"18":{"start":{"line":31,"column":8},"end":{"line":31,"column":21}},"19":{"start":{"line":33,"column":8},"end":{"line":33,"column":30}},"20":{"start":{"line":38,"column":0},"end":{"line":42,"column":3}},"21":{"start":{"line":39,"column":4},"end":{"line":39,"column":32}},"22":{"start":{"line":40,"column":4},"end":{"line":40,"column":17}},"23":{"start":{"line":41,"column":4},"end":{"line":41,"column":20}}},"fnMap":{"0":{"name":"(anonymous_0)","decl":{"start":{"line":8,"column":27},"end":{"line":8,"column":30}},"loc":{"start":{"line":8,"column":32},"end":{"line":10,"column":1}}},"1":{"name":"(anonymous_1)","decl":{"start":{"line":12,"column":18},"end":{"line":12,"column":19}},"loc":{"start":{"line":12,"column":27},"end":{"line":14,"column":1}}},"2":{"name":"(anonymous_2)","decl":{"start":{"line":16,"column":19},"end":{"line":16,"column":22}},"loc":{"start":{"line":16,"column":24},"end":{"line":19,"column":1}}},"3":{"name":"(anonymous_3)","decl":{"start":{"line":21,"column":19},"end":{"line":21,"column":20}},"loc":{"start":{"line":21,"column":27},"end":{"line":24,"column":1}}},"4":{"name":"(anonymous_4)","decl":{"start":{"line":27,"column":25},"end":{"line":27,"column":26}},"loc":{"start":{"line":27,"column":35},"end":{"line":35,"column":1}}},"5":{"name":"(anonymous_5)","decl":{"start":{"line":38,"column":21},"end":{"line":38,"column":24}},"loc":{"start":{"line":38,"column":26},"end":{"line":42,"column":1}}}},"branchMap":{"0":{"loc":{"start":{"line":29,"column":4},"end":{"line":34,"column":null}},"type":"if","locations":[{"start":{"line":29,"column":4},"end":{"line":34,"column":null}},{"start":{"line":32,"column":11},"end":{"line":34,"column":null}}]}},"s":{"0":1,"1":1,"2":1,"3":1,"4":1,"5":0,"6":1,"7":0,"8":1,"9":0,"10":0,"11":1,"12":0,"13":0,"14":1,"15":0,"16":0,"17":0,"18":0,"19":0,"20":1,"21":0,"22":0,"23":0},"f":{"0":0,"1":0,"2":0,"3":0,"4":0,"5":0},"b":{"0":[0,0]}}
,"C:\\Users\\jourd\\2-TCP-chat-server\\tcp-chat-server\\src\\utils\\helpers.ts": {"path":"C:\\Users\\jourd\\2-TCP-chat-server\\tcp-chat-server\\src\\utils\\helpers.ts","statementMap":{"0":{"start":{"line":2,"column":4},"end":{"line":2,"column":67}},"1":{"start":{"line":1,"column":0},"end":{"line":1,"column":16}},"2":{"start":{"line":6,"column":4},"end":{"line":6,"column":45}},"3":{"start":{"line":5,"column":0},"end":{"line":5,"column":16}}},"fnMap":{"0":{"name":"formatMessage","decl":{"start":{"line":1,"column":16},"end":{"line":1,"column":29}},"loc":{"start":{"line":1,"column":63},"end":{"line":3,"column":1}}},"1":{"name":"handleError","decl":{"start":{"line":5,"column":16},"end":{"line":5,"column":27}},"loc":{"start":{"line":5,"column":40},"end":{"line":7,"column":1}}}},"branchMap":{},"s":{"0":0,"1":1,"2":0,"3":1},"f":{"0":0,"1":0},"b":{}}
}
